Motorola DSP56000 Assembler  Version 6.2.0   108-08-18  12:56:54  utilappl.s  Page 1



1                               COMMENT *
2      
3                        This file is used to generate DSP code for the utility board. It will time
4                             the exposure, operate the shutter, control the CCD temperature and
5                             turn the analog power on. This is Rev. 3.00 software.
6                        Modified 1-12-97 for 10 MHz input clock frequency by adding 2 to elapsed
7                             exposure time rather than one.
8                        Power ON sequence written for Gen II power control board, Rev. 4A
9      
10                       -d HOST 'HOST'  To generate code for downloading to DSP memory.
11                       -d HOST 'ROM'   To generate code for writing to the ROM.
12     
13                               *
14                                 PAGE    132                               ; Printronix page width - 132 columns
15                                                                           ;INCLUDE        "utilversion.s" ; versioning
16                                 INCLUDE "infospec.s"
17                       ; General DSP info field specifications.
18                       ; These values are 'addresses' and used as the argument for the INF command.
19     
20                       GET_VERSION
21        000000                   EQU     0                                 ; IVERSION field
22        000001         GET_FLAVOR EQU    1                                 ; IFLAVOR field
23        000002         GET_TIME0 EQU     2                                 ; ITIME0 field (lo order, time of compile)
24        000003         GET_TIME1 EQU     3                                 ; ITIME1 field (hi order, time of compile)
25        000004         GET_SVNREV EQU    4                                 ; ISVNREV field (highest svn rev if available)
26     
27                                 INCLUDE "utilinfospec.s"
28                       ; UTIL DSP info field specifications.
29                       ; These values are 'addresses' and used as the argument for the INF command.
30     
31                       GET_CAPABLE
32        000100                   EQU     $100                              ; ICAPABLE field (what dsp supports).
33     
34                                 INCLUDE "utilinfo.s"
35                       ; DSP Version
36        04307F         IVERSION  EQU     274559                            ; 1.3/1
37     
38        202020         IFLAVOR   EQU     '   '                             ; none
39     
40        00D405         ITIME0    EQU     54277                             ; lo order time: 2008 8 18  19:56:53 GMT
41     
42        0048A9         ITIME1    EQU     18601                             ; hi order time: 2008 8 18  19:56:53 GMT
43     
44        000FDB         ISVNREV   EQU     4059
45                                                                           ; most recent code svn rev
46     
47                                 INCLUDE "utilversion.s"
48        000000         VERSION   EQU     0
49                       UTILCAPABLE
50        000000                   EQU     0
51     
52                       ; Name it a section so it doesn't conflict with other application programs
53                                 SECTION UTILAPPL
54     
55                       ;  These are also defined in "utilboot.asm", so be sure they agree
56        000090         APL_ADR   EQU     $90                               ; Starting address of application program
57        000080         BUF_STR   EQU     $80                               ; Starting address of buffers in X:
58        000020         BUF_LEN   EQU     $20                               ; Length of buffers
59        000080         SSI_BUF   EQU     BUF_STR                           ; Starting address of SCI buffer in X:
60        0000A0         COM_BUF   EQU     SSI_BUF+BUF_LEN                   ; Starting address of command buffer in X:
61        0000C0         COM_TBL   EQU     COM_BUF+BUF_LEN                   ; Starting address of command table in X:
62     
Motorola DSP56000 Assembler  Version 6.2.0   108-08-18  12:56:54  utilappl.s  Page 2



63                       ;  Define some useful constants
64        001EE0         APL_XY    EQU     $1EE0                             ; Starting address in EEPROM of X: and Y: values
65        000046         DLY_MUX   EQU     70                                ; Number of DSP cycles to delay for MUX settling
66        000064         DLY_AD    EQU     100                               ; Number of DSP cycles to delay for A/D settling
67     
68                       ; Assign addresses to port B data register
69        00FFE4         PBD       EQU     $FFE4                             ; Port B Data Register
70        00FFFF         IPR       EQU     $FFFF                             ; Interrupt Priority Register
71     
72                       ;  Addresses of memory mapped components in Y: data memory space
73                       ;  Write addresses first
74        00FFF0         WR_DIG    EQU     $FFF0                             ; was $FFFF  Write Digital output values D00-D15
75        00FFF1         WR_MUX    EQU     $FFF1                             ; Select MUX connected to A/D input - one of 16
76        00FFF2         EN_DIG    EQU     $FFF2                             ; Enable digital outputs
77        00FFF7         WR_DAC3   EQU     $FFF7                             ; Write to DAC#3 D00-D11
78        00FFF6         WR_DAC2   EQU     $FFF6                             ; Write to DAC#2 D00-D11
79        00FFF5         WR_DAC1   EQU     $FFF5                             ; Write to DAC#1 D00-D11
80        00FFF4         WR_DAC0   EQU     $FFF4                             ; Write to DAC#0 D00-D11
81                       ;WR_DAC0        EQU     $FFF6           ; Redirect Heater DAC
82                       ;WR_DAC1        EQU     $FFF7           ; Redirect Heater DAC
83     
84                       ;  Read addresses next
85        00FFF0         RD_DIG    EQU     $FFF0                             ; Read Digital input values D00-D15
86        00FFF1         STR_ADC   EQU     $FFF1                             ; Start ADC conversion, ignore data
87        00FFF2         RD_ADC    EQU     $FFF2                             ; Read A/D converter value D00-D11
88        00FFF7         WATCH     EQU     $FFF7                             ; Watch dog timer - tell it that DSP is alive
89     
90                       ;  Bit definitions of STATUS word
91        000000         ST_SRVC   EQU     0                                 ; Set if ADC routine needs executing
92        000001         ST_EX     EQU     1                                 ; Set if timed exposure is in progress
93        000002         ST_SH     EQU     2                                 ; Set if shutter is open
94        000003         ST_READ   EQU     3                                 ; Set if a readout needs to be initiated
95        000004         STRT_EX   EQU     4                                 ; Set to indicate start of exposure
96        000007         DITHMODE  EQU     7                                 ; Set for dithering during exp.  Bash to set
97        000008         CONT_EX   EQU     8                                 ; Set to indicate cont. exp mode. Bash to set
98     
99                       ; Bit definitions of software OPTIONS word
100       000000         OPT_SH    EQU     0                                 ; Set to open and close shutter.  Bash to set
101    
102                      ;  Bit definitions of Port B = Host Processor Interface
103       000000         PWR_EN1   EQU     0                                 ; Power enable bit ONE - Output
104       000001         PWR_EN0   EQU     1                                 ; Power enable bit ZERO  - Output
105       000002         PWRST     EQU     2                                 ; Reset power conditioner counter - Output
106       000003         SHUTTER   EQU     3                                 ; Control shutter - Output
107       000004         IRQ_T     EQU     4                                 ; Request interrupt service from timing board - Output
108       000005         SYS_RST   EQU     5                                 ; Reset entire system - Output
109       000008         WATCH_T   EQU     8                                 ; Processed watchdog signal from timing board - Input
110    
111                      ;**************************************************************************
112                      ;                                                                         *
113                      ;    Register assignments                                                 *
114                      ;        R1 - Address of SCI receiver contents                            *
115                      ;        R2 - Address of processed SCI receiver contents                  *
116                      ;        R3 - Pointer to current top of command buffer                    *
117                      ;        R4 - Pointer to processed contents of command buffer             *
118                      ;        N4 - Address for internal jumps after receiving 'DON' replies    *
119                      ;        R0, R5, R6, A, X0, X1 - For use by program only                  *
120                      ;        R7 - For use by SCI ISR only                                     *
121                      ;        Y0, Y1, and B - For use by timer ISR only. If any of these       *
122                      ;               registers are needed elsewhere they must be saved and     *
123                      ;               restored in the TIMER ISR.                                *
124                      ;**************************************************************************
Motorola DSP56000 Assembler  Version 6.2.0   108-08-18  12:56:54  utilappl.s  Page 3



125    
126                      ; Specify execution and load addresses.
127       P:0090 P:0090                   ORG     P:APL_ADR,P:APL_ADR
128    
129                             ; The TIMER addresses must be defined here and SERVICE must follow to match
130                             ;   up with the utilboot code
131       P:0090 P:0090 0C00CA            JMP     <SERVICE                          ; Millisecond timer interrupt
132    
133       P:0091 P:0091 000004  TIMER     RTI                                       ; RTI for now so downloading works
134       P:0092 P:0092 0A0160            BSET    #0,Y:<DIG_OUT                     ; FIDUCIAL PULSE
135       P:0093 P:0093 09F4B2            MOVEP             #1,Y:EN_DIG             ; Enable digital outputs
                        000001
136       P:0095 P:0095 09F0F0            MOVEP             Y:DIG_OUT,Y:WR_DIG      ; Write 16 digital outputs
                        000001
137       P:0097 P:0097 0A0081            JCLR    #ST_EX,X:STATUS,NO_TIM            ; Continue on if we're not exposing
                        0000C1
138       P:0099 P:0099 0A0084            JCLR    #STRT_EX,X:<STATUS,EX_STRT        ; Skip if exposure has been started
                        0000A4
139       P:009B P:009B 0A0004            BCLR    #STRT_EX,X:<STATUS                ; Clear status = "not start of exposure"
140       P:009C P:009C 20001B            CLR     B
141       P:009D P:009D 5F1700            MOVE                          B,Y:<EL_TIM_MSECONDS ; Initialize elapsed time
142       P:009E P:009E 5F3700            MOVE                          B,Y:<EL_TIM_FRACTION
143       P:009F P:009F 5F3D00            MOVE                          B,Y:<NUMPIC ; clear number of pix in series
144       P:00A0 P:00A0 0A0080            JCLR    #OPT_SH,X:<OPTIONS,NO_TIM         ; Don't open shutter if a dark frame
                        0000C1
145       P:00A2 P:00A2 0D014A            JSR     <OSHUT                            ; Open shutter if start of exposure
146       P:00A3 P:00A3 0C00C1            JMP     <NO_TIM                           ; Don't increment EL_TIM at first
147                             EX_STRT
148       P:00A4 P:00A4 4EB81B            CLR     B                     Y:<INCR,Y0  ; INCR = 0.8 milli? seconds
149       P:00A5 P:00A5 478000            MOVE              X:<ZERO,Y1
150       P:00A6 P:00A6 5D9700            MOVE                          Y:<EL_TIM_MSECONDS,B1 ; Get elapsed time
151       P:00A7 P:00A7 59B700            MOVE                          Y:<EL_TIM_FRACTION,B0
152       P:00A8 P:00A8 4F9838            ADD     Y,B                   Y:<TGT_TIM,Y1 ; EL_TIM = EL_TIM + 0.8 milliseconds
153       P:00A9 P:00A9 593700            MOVE                          B0,Y:<EL_TIM_FRACTION
154       P:00AA P:00AA 5D177C            SUB     Y1,B                  B1,Y:<EL_TIM_MSECONDS
155       P:00AB P:00AB 0E90C1            JLT     <NO_TIM                           ; If (EL .GE. TGT) we've timed out
156    
157                             ; Close the shutter at once if needed
158       P:00AC P:00AC 0A0080            JCLR    #OPT_SH,X:OPTIONS,NO_SHUT         ; Close the shutter only if needed
                        0000B0
159       P:00AE P:00AE 0AA423            BSET    #SHUTTER,X:PBD                    ; Set Port B bit #3 to close shutter
160       P:00AF P:00AF 0A0022            BSET    #ST_SH,X:<STATUS                  ; Set status to mean shutter closed
161    
162                             ; Wait SH_DLY milliseconds for the shutter to fully close before reading out
163                             NO_SHUT
164       P:00B0 P:00B0 4FB900            MOVE                          Y:<SH_DEL,Y1 ; Get shutter closing time
165       P:00B1 P:00B1 20007C            SUB     Y1,B                              ; B = EL_TIM - (TGT_TIM + SH_DEL)
166       P:00B2 P:00B2 0E90C1            JLT     <NO_TIM                           ; If (EL .GE. TGT+DEL) we've timed out
167       P:00B3 P:00B3 0A0023            BSET    #ST_READ,X:<STATUS                ; Set so a readout will be initiated
168       P:00B4 P:00B4 20001B            CLR     B
169       P:00B5 P:00B5 5F1700            MOVE                          B,Y:<EL_TIM_MSECONDS ; Initialize elapsed time
170       P:00B6 P:00B6 5F3700            MOVE                          B,Y:<EL_TIM_FRACTION ; for next image in series
171       P:00B7 P:00B7 59BD00            MOVE                          Y:<NUMPIC,B0 ; Increment NUMPIC
172       P:00B8 P:00B8 000009            INC     B
173       P:00B9 P:00B9 593D00            MOVE                          B0,Y:<NUMPIC
174       P:00BA P:00BA 4EF000            MOVE                          Y:TGT_PIC,Y0 ; Get target number of pix
                        00003C
175       P:00BC P:00BC 478000            MOVE              X:<ZERO,Y1
176       P:00BD P:00BD 20003C            SUB     Y,B
177       P:00BE P:00BE 0E90C1            JLT     <NO_TIM                           ; If NUMPIC .GE. TGT_PIC, done
178       P:00BF P:00BF 0A0001            BCLR    #ST_EX,X:<STATUS                  ; No longer exposing
179       P:00C0 P:00C0 0A0008            BCLR    #CONT_EX,X:<STATUS                ; or taking a series
Motorola DSP56000 Assembler  Version 6.2.0   108-08-18  12:56:54  utilappl.s  Page 4



180    
181                             ; Return from interrupt
182                             NO_TIM
183       P:00C1 P:00C1 0A0020            BSET    #ST_SRVC,X:<STATUS                ; SERVICE needs executing
184       P:00C2 P:00C2 0A0140            BCLR    #0,Y:<DIG_OUT                     ; FIDUCIAL PULSE
185       P:00C3 P:00C3 09F4B2            MOVEP             #1,Y:EN_DIG             ; Enable digital outputs
                        000001
186       P:00C5 P:00C5 09F0F0            MOVEP             Y:DIG_OUT,Y:WR_DIG      ; Write 16 digital outputs
                        000001
187       P:00C7 P:00C7 05B679            MOVEC                         Y:<SV_SR,SR ; Restore Status Register
188       P:00C8 P:00C8 000000            NOP
189       P:00C9 P:00C9 000004            RTI                                       ; Return from TIMER interrupt
190    
191                             ; This long subroutine is executed every millisecond, but isn't an ISR so
192                             ;   that care need not be taken to preserve registers and stacks.
193                             SERVICE
194       P:00CA P:00CA 0A0000            BCLR    #ST_SRVC,X:<STATUS                ; Clear request to execute SERVICE
195       P:00CB P:00CB 0A0083            JCLR    #ST_READ,X:<STATUS,DTH_CHK        ; Initiate readout?
                        0000D5
196    
197                             ; Extra call if using the VME interface board
198                                       IF      @SCP("INTERFACE","VME")
203                                       ENDIF
204    
205       P:00CD P:00CD 568000            MOVE              X:<TIMING,A
206       P:00CE P:00CE 565B00            MOVE              A,X:(R3)+               ; Header from Utility to timing
207       P:00CF P:00CF 5EA900            MOVE                          Y:<RDC,A
208       P:00D0 P:00D0 565B00            MOVE              A,X:(R3)+               ; Start reading out the CCD
209       P:00D1 P:00D1 0A0003            BCLR    #ST_READ,X:<STATUS                ; Readout will be initiated
210       P:00D2 P:00D2 0A00A8            JSET    #CONT_EX,X:STATUS,BAILOUT         ; Don't clear ST_EX if series
                        0000D5
211       P:00D4 P:00D4 0A0001            BCLR    #ST_EX,X:<STATUS                  ; Exposure is no longer in progress
212                             BAILOUT
213                             ;       MOVEP   Y:WATCH,X0              ; Reset Watchdog Timer
214                             ;       RTS                             ; Return now to save time
215    
216                             ; If we are supposed to dither, put a DTH command to timer on queue
217       P:00D5 P:00D5 0A0087  DTH_CHK   JCLR    #DITHMODE,X:<STATUS,UPD_DIG
                        0000DB
218       P:00D7 P:00D7 568000            MOVE              X:<TIMING,A
219       P:00D8 P:00D8 565B00            MOVE              A,X:(R3)+               ; Header from Utility to timing
220       P:00D9 P:00D9 5EB300            MOVE                          Y:<DTH,A
221       P:00DA P:00DA 565B00            MOVE              A,X:(R3)+               ; Dither command to queue
222    
223                             ; Update all the digital input/outputs; reset watchdog timer
224       P:00DB P:00DB 0970F0  UPD_DIG   MOVEP             Y:RD_DIG,Y:DIG_IN       ; Read 16 digital inputs
                        000000
225       P:00DD P:00DD 0A0161            BSET    #1,Y:<DIG_OUT                     ; FIDUCIAL PULSE
226       P:00DE P:00DE 09F4B2            MOVEP             #1,Y:EN_DIG             ; Enable digital outputs
                        000001
227       P:00E0 P:00E0 09F0F0            MOVEP             Y:DIG_OUT,Y:WR_DIG      ; Write 16 digital outputs
                        000001
228       P:00E2 P:00E2 094437            MOVEP             Y:WATCH,X0              ; Reset watchdog timer
229                             ; Update the 4 DACs
230       P:00E3 P:00E3 09F0F4            MOVEP             Y:DAC0,Y:WR_DAC0        ; Write to DAC0
                        000002
231       P:00E5 P:00E5 09F0F5            MOVEP             Y:DAC1,Y:WR_DAC1        ; Write to DAC1
                        000003
232       P:00E7 P:00E7 09F0F6            MOVEP             Y:DAC2,Y:WR_DAC2        ; Write to DAC2
                        000004
233       P:00E9 P:00E9 09F0F7            MOVEP             Y:DAC3,Y:WR_DAC3        ; Write to DAC3
                        000005
Motorola DSP56000 Assembler  Version 6.2.0   108-08-18  12:56:54  utilappl.s  Page 5



234    
235                             ; Analog Input processor - read the 16 A/D inputs
236       P:00EB P:00EB 448000            MOVE              X:<ONE,X0               ; For incrementing accumulator to select MUX
237       P:00EC P:00EC 350713            CLR     A         #<AD_IN,R5              ; Will contain MUX number
238       P:00ED P:00ED 060640            DO      Y:NUM_AD,LOOP_AD                  ; Loop over each A/D converter input
                        0000FC
239       P:00EF P:00EF 09CE31            MOVEP             A,Y:WR_MUX              ; Select MUX input
240       P:00F0 P:00F0 064680            DO      #DLY_MUX,L_AD1                    ; Wait for the MUX to settle
                        0000F2
241       P:00F2 P:00F2 5C3500            MOVE                          A1,Y:<SV_A1 ; DO needed so SSI input can come in
242                             L_AD1
243       P:00F3 P:00F3 094531            MOVEP             Y:STR_ADC,X1            ; Start A/D conversion - dummy read
244       P:00F4 P:00F4 066480            DO      #DLY_AD,L_AD2                     ; Wait for the A/D to settle
                        0000F6
245       P:00F6 P:00F6 458000            MOVE              X:<CFFF,X1
246                             L_AD2
247       P:00F7 P:00F7 094C32            MOVEP             Y:RD_ADC,A1             ; Get the A/D value
248       P:00F8 P:00F8 200066            AND     X1,A                              ; A/D is only valid to 12 bits
249       P:00F9 P:00F9 0BCC4B            BCHG    #11,A1                            ; Change 12-bit 2's complement to unipolar
250       P:00FA P:00FA 5C5D00            MOVE                          A1,Y:(R5)+  ; Put the A/D value in the table
251       P:00FB P:00FB 5CB500            MOVE                          Y:<SV_A1,A1 ; Restore A1 = MUX number
252       P:00FC P:00FC 200040            ADD     X0,A                              ; Increment A = MUX number by one
253                             LOOP_AD
254       P:00FD P:00FD 09F0B1            MOVEP             X:ONE,Y:WR_MUX          ; Sample +5V when idle
                        000000
255    
256                             ; Control the CCD Temperature
257                             ; The algorithmn assumes a reverse biased diode whose A/D count A_CCDT
258                             ;   is proportional to temperature. Don't start controlling temperature
259                             ;   until it falls below target temperature. ADUs decrease with temp.
260                             ; Changed to run an RTD where the ADUs increase with temperature.
261                             ; Modified to average a bunch of temps, then change the heater current
262                             ; For initialization, depend on assembler setting to zero.
263       P:00FF P:00FF 4C8D00            MOVE                          Y:<B_CCDT,X0 ; Get Cold Head temperature
264       P:0100 P:0100 58F000            MOVE                          Y:TH_SUM,A0 ; Get CH running Sum
                        000042
265       P:0102 P:0102 548000            MOVE              X:<ZERO,A1
266       P:0103 P:0103 218500            MOVE              A1,X1
267       P:0104 P:0104 200020            ADD     X,A                               ; Add CH to running sum
268       P:0105 P:0105 587000            MOVE                          A0,Y:TH_SUM ; and store it
                        000042
269       P:0107 P:0107 58F000            MOVE                          Y:TH_COUNT,A0 ; Get the count
                        000041
270       P:0109 P:0109 000008            INC     A                                 ; Add 1
271       P:010A P:010A 587000            MOVE                          A0,Y:TH_COUNT ; and store it
                        000041
272       P:010C P:010C 4CF000            MOVE                          Y:ONE_K,X0  ; Get number to average
                        000044
273       P:010E P:010E 200024            SUB     X,A
274       P:010F P:010F 0E911C            JLT     <C_TEMP                           ; If T_COUNT .GE. 1024, find avg, update
275       P:0110 P:0110 58F000            MOVE                          Y:TH_SUM,A0 ; Here if done.  Get final sum
                        000042
276       P:0112 P:0112 060AA0            REP     #10
277       P:0113 P:0113 200022            ASR     A                                 ; Averaging the temperature
278       P:0114 P:0114 587000            MOVE                          A0,Y:TH_AVG ; Save the average temperature
                        000043
279       P:0116 P:0116 210400            MOVE              A0,X0                   ; and stick in X0
280       P:0117 P:0117 200013            CLR     A                                 ; Now clear sum and count
281       P:0118 P:0118 587000            MOVE                          A0,Y:TH_SUM
                        000042
282       P:011A P:011A 587000            MOVE                          A0,Y:TH_COUNT
                        000041
Motorola DSP56000 Assembler  Version 6.2.0   108-08-18  12:56:54  utilappl.s  Page 6



283                             ; This is section handles the CCD temperature. It reads the temp then
284                             ; averages and applies the heater current if necessary
285                             C_TEMP
286       P:011C P:011C 4C8C00            MOVE                          Y:<A_CCDT,X0 ; Get actual CCD temperature
287       P:011D P:011D 58BF00            MOVE                          Y:<T_SUM,A0 ; Get the running sum
288       P:011E P:011E 548000            MOVE              X:<ZERO,A1
289       P:011F P:011F 218500            MOVE              A1,X1
290       P:0120 P:0120 200020            ADD     X,A                               ; add on this temperature
291       P:0121 P:0121 583F00            MOVE                          A0,Y:<T_SUM ; and store it
292       P:0122 P:0122 58BE00            MOVE                          Y:<T_COUNT,A0 ; Get the count
293       P:0123 P:0123 000008            INC     A                                 ; Add 1
294       P:0124 P:0124 583E00            MOVE                          A0,Y:<T_COUNT ; and store it
295       P:0125 P:0125 4CF000            MOVE                          Y:ONE_K,X0  ; Get number to average
                        000044
296       P:0127 P:0127 200024            SUB     X,A
297       P:0128 P:0128 0E9144            JLT     <SKIP_T                           ; If T_COUNT .GE. 1024, find avg, update
298       P:0129 P:0129 58BF00            MOVE                          Y:<T_SUM,A0 ; Here if done.  Get final sum
299       P:012A P:012A 060AA0            REP     #10
300       P:012B P:012B 200022            ASR     A                                 ; Averaging the temperature
301       P:012C P:012C 587000            MOVE                          A0,Y:T_AVG  ; Save the average temperature
                        000040
302       P:012E P:012E 210400            MOVE              A0,X0                   ; and stick in X0
303       P:012F P:012F 200013            CLR     A                                 ; Now clear sum and count
304       P:0130 P:0130 583F00            MOVE                          A0,Y:<T_SUM
305       P:0131 P:0131 583E00            MOVE                          A0,Y:<T_COUNT
306       P:0132 P:0132 5E9C00            MOVE                          Y:<T_CCDT,A ; Get target CCD temperature
307       P:0133 P:0133 200044            SUB     X0,A
308       P:0134 P:0134 21C400            MOVE              A,X0                    ; X0 now target - actual
309       P:0135 P:0135 4D9D00            MOVE                          Y:<T_COEFF,X1
310       P:0136 P:0136 2000A0            MPY     X0,X1,A                           ; A = (target - actual) * T_COEFF
311       P:0137 P:0137 200022            ASR     A                                 ; Shift right to fix *2
312       P:0138 P:0138 4CB400            MOVE                          Y:<CC00,X0  ; Heats greater than this are not allowed
313       P:0139 P:0139 210C00            MOVE              A0,A1                   ;
314       P:013A P:013A 200045            CMP     X0,A
315       P:013B P:013B 0E913E            JLT     <TST_LOW
316       P:013C P:013C 208E00            MOVE              X0,A                    ; Make it the maximum heat
317       P:013D P:013D 0C0141            JMP     <WR_DAC
318                             TST_LOW
319       P:013E P:013E 200003            TST     A                                 ; Heats of less than zero are not allowed
320       P:013F P:013F 0E7141            JGT     <WR_DAC
321       P:0140 P:0140 568000            MOVE              X:<ZERO,A               ; No heat
322                             WR_DAC
323       P:0141 P:0141 09CC34            MOVEP             A1,Y:WR_DAC0            ; Update DAC and record of it
324       P:0142 P:0142 5C0200            MOVE                          A1,Y:<DAC0
325       P:0143 P:0143 5C1E00            MOVE                          A1,Y:<DAC0_LS
326                             SKIP_T
327       P:0144 P:0144 0A0141            BCLR    #1,Y:<DIG_OUT                     ; FIDUCIAL PULSE
328       P:0145 P:0145 09F4B2            MOVEP             #1,Y:EN_DIG             ; Enable digital outputs
                        000001
329       P:0147 P:0147 09F0F0            MOVEP             Y:DIG_OUT,Y:WR_DIG      ; Write 16 digital outputs
                        000001
330       P:0149 P:0149 00000C            RTS                                       ; Return from subroutine SERVICE call
331    
332                             ; Shutter support subroutines for the TIMER executive
333                             ; Also support shutter connection to timing board for now.
334       P:014A P:014A 0AA403  OSHUT     BCLR    #SHUTTER,X:PBD                    ; Clear Port B bit #3 to open shutter
335       P:014B P:014B 0A0002            BCLR    #ST_SH,X:<STATUS                  ; Clear status bit to mean shutter open
336       P:014C P:014C 00000C            RTS
337    
338       P:014D P:014D 0AA423  CSHUT     BSET    #SHUTTER,X:PBD                    ; Set Port B bit #3 to close shutter
339       P:014E P:014E 0A0022            BSET    #ST_SH,X:<STATUS                  ; Set status to mean shutter closed
340       P:014F P:014F 00000C            RTS
Motorola DSP56000 Assembler  Version 6.2.0   108-08-18  12:56:54  utilappl.s  Page 7



341    
342                             ; These are called directly by command, so need to call subroutines in turn
343       P:0150 P:0150 0D014A  OPEN      JSR     OSHUT                             ; Call open shutter subroutine
344       P:0151 P:0151 0C0000            JMP     <FINISH                           ; Send 'DON' reply
345       P:0152 P:0152 0D014D  CLOSE     JSR     CSHUT                             ; Call close shutter subroutine
346       P:0153 P:0153 0C0000            JMP     <FINISH                           ; Send 'DON' reply
347    
348    
349                             ;       Process INF according to the single addressing parameter
350                             GET_INFO
351       P:0154 P:0154 56DC00            MOVE              X:(R4)+,A               ; 0-4 is generic, >= 0x100 tim specific
352       P:0155 P:0155 44F400            MOVE              #IVERSION,X0
                        04307F
353       P:0157 P:0157 46F400            MOVE              #>GET_VERSION,Y0
                        000000
354       P:0159 P:0159 200055            CMP     Y0,A
355       P:015A P:015A 0EA000            JEQ     <FINISH1
356       P:015B P:015B 44F400            MOVE              #IFLAVOR,X0
                        202020
357       P:015D P:015D 46F400            MOVE              #>GET_FLAVOR,Y0
                        000001
358       P:015F P:015F 200055            CMP     Y0,A
359       P:0160 P:0160 0EA000            JEQ     <FINISH1
360       P:0161 P:0161 44F400            MOVE              #ITIME0,X0
                        00D405
361       P:0163 P:0163 46F400            MOVE              #>GET_TIME0,Y0
                        000002
362       P:0165 P:0165 200055            CMP     Y0,A
363       P:0166 P:0166 0EA000            JEQ     <FINISH1                          ; Is it Time0?
364       P:0167 P:0167 44F400            MOVE              #ITIME1,X0
                        0048A9
365       P:0169 P:0169 46F400            MOVE              #>GET_TIME1,Y0
                        000003
366       P:016B P:016B 200055            CMP     Y0,A
367       P:016C P:016C 0EA000            JEQ     <FINISH1                          ; Is it Time1?
368       P:016D P:016D 44F400            MOVE              #ISVNREV,X0
                        000FDB
369       P:016F P:016F 46F400            MOVE              #>GET_SVNREV,Y0
                        000004
370       P:0171 P:0171 200055            CMP     Y0,A
371       P:0172 P:0172 0EA000            JEQ     <FINISH1                          ; Is it Svn rev?
372       P:0173 P:0173 240000            MOVE              #UTILCAPABLE,X0
373       P:0174 P:0174 46F400            MOVE              #>GET_CAPABLE,Y0
                        000100
374       P:0176 P:0176 200055            CMP     Y0,A
375       P:0177 P:0177 0EA000            JEQ     <FINISH1                          ; Is it Tim Capabilities?
376       P:0178 P:0178 0C0000            JMP     <ERROR
377    
378                             ;  **************  BEGIN  COMMAND  PROCESSING  ***************
379                             ; Power off
380                                       IF      @SCP("POWER","R6")
385                                       ELSE                                      ; Earlier Revision power control boards
386                             PWR_OFF
387       P:0179 P:0179 0AA422            BSET    #PWRST,X:PBD                      ; Reset power control board
388       P:017A P:017A 0AA402            BCLR    #PWRST,X:PBD
389                                       ENDIF
390       P:017B P:017B 0C0000            JMP     <FINISH                           ; Reply 'DON'
391    
392                             ; Start power-on cycle
393                             ; PWRST must be the same as PWR_EN0 because they're connected on the backplane
394                             PWR_ON
395       P:017C P:017C 08F4BF            MOVEP             #$2000,X:IPR            ; Disable TIMER interrupts
Motorola DSP56000 Assembler  Version 6.2.0   108-08-18  12:56:54  utilappl.s  Page 8



                        002000
396       P:017E P:017E 0A7029            BSET    #9,X:PBDDR                        ; Make sure PWREN is an input
                        000000
397                                       IF      @SCP("POWER","R6")
401                                       ELSE
402       P:0180 P:0180 0AA422            BSET    #PWRST,X:PBD                      ; Reset power control board
403       P:0181 P:0181 061EA0            REP     #30
404       P:0182 P:0182 000000            NOP
405       P:0183 P:0183 0AA402            BCLR    #PWRST,X:PBD
406                                       ENDIF
407    
408                             ; Set up the bias voltage DACs and clock drivers on the analog boards
409       P:0184 P:0184 568000            MOVE              X:<TIMING,A
410       P:0185 P:0185 565B00            MOVE              A,X:(R3)+               ; Header from Utility to timing
411       P:0186 P:0186 5EB000            MOVE                          Y:<IDL,A
412       P:0187 P:0187 565B00            MOVE              A,X:(R3)+               ; Start up the clock drivers
413       P:0188 P:0188 74F400            MOVE              #PWR_ON1,N4             ; Set internal jump address after 'DON'
                        00018B
414       P:018A P:018A 0C0000            JMP     <XMT_CHK                          ; Send out commands to timing board
415    
416                             ; Wait a little while for at least one cycle of serial and parallel clocks
417                             PWR_ON1
418       P:018B P:018B 44F400            MOVE              #30000,X0
                        007530
419       P:018D P:018D 06C400            DO      X0,WT_PON1                        ; Wait 20 millisec or so for settling
                        000190
420       P:018F P:018F 0605A0            REP     #5
421       P:0190 P:0190 094437            MOVEP             Y:WATCH,X0              ; Reset watchdog timer
422                             WT_PON1
423       P:0191 P:0191 568000            MOVE              X:<TIMING,A
424       P:0192 P:0192 565B00            MOVE              A,X:(R3)+               ; Header from Utility to timing
425       P:0193 P:0193 5EB100            MOVE                          Y:<STP,A
426       P:0194 P:0194 565B00            MOVE              A,X:(R3)+               ; Stop the clocks during power on
427       P:0195 P:0195 74F400            MOVE              #PWR_ON2,N4             ; Set internal jump address after 'DON'
                        000198
428       P:0197 P:0197 0C0000            JMP     <XMT_CHK                          ; Send the command to the timing board
429    
430                             ; Now ramp up the low voltages (+/- 6.5V, 16.5V)
431                                       IF      @SCP("POWER","R6")
434                                       ELSE
435       P:0198 P:0198 0AA420  PWR_ON2   BSET    #LVEN,X:PBD                       ; Make sure line is high to start with
436       P:0199 P:0199 06FF80            DO      #255,L_PON1                       ; The power conditioner board wants to
                        00019C
437       P:019B P:019B 0BA400            BCHG    #LVEN,X:PBD                       ;   see 128 H --> L transitions
438       P:019C P:019C 000000            NOP                                       ; Backplane signal settling time delay
439                             L_PON1
440                                       ENDIF
441    
442       P:019D P:019D 0D01EA            JSR     <PWR_DLY                          ; Delay for a little while
443       P:019E P:019E 09F4B1            MOVEP             #2,Y:WR_MUX             ; Select +15V MUX input
                        000002
444       P:01A0 P:01A0 44F400            MOVE              #40000,X0
                        009C40
445       P:01A2 P:01A2 06C400            DO      X0,WT_PON2                        ; Wait 20 millisec or so for settling
                        0001A5
446       P:01A4 P:01A4 0605A0            REP     #5
447       P:01A5 P:01A5 094437            MOVEP             Y:WATCH,X0              ; Reset watchdog timer
448                             WT_PON2
449       P:01A6 P:01A6 094431            MOVEP             Y:STR_ADC,X0            ; Start A/D conversion - dummy read
450       P:01A7 P:01A7 066480            DO      #DLY_AD,L_PON2                    ; Wait for the A/D to settle
                        0001A9
451       P:01A9 P:01A9 448013            CLR     A         X:<CFFF,X0              ; This saves some space
Motorola DSP56000 Assembler  Version 6.2.0   108-08-18  12:56:54  utilappl.s  Page 9



452                             L_PON2
453       P:01AA P:01AA 094C32            MOVEP             Y:RD_ADC,A1             ; Get the A/D value
454       P:01AB P:01AB 4CA146            AND     X0,A                  Y:<T_P15,X0 ; A/D is only valid to 12 bits
455    
456                             ; Test that the voltage is in the range abs(initial - target) < margin
457       P:01AC P:01AC 5C2644            SUB     X0,A                  A1,Y:<I_P15
458       P:01AD P:01AD 4CA226            ABS     A                     Y:<K_P15,X0
459       P:01AE P:01AE 200044            SUB     X0,A
460       P:01AF P:01AF 0E71E3            JGT     <PERR                             ; Take corrective action
461    
462       P:01B0 P:01B0 09F4B1  TST_M15   MOVEP             #3,Y:WR_MUX             ; Select -15v MUX input
                        000003
463       P:01B2 P:01B2 064680            DO      #DLY_MUX,L_PON3                   ; Wait for the MUX to settle
                        0001B4
464       P:01B4 P:01B4 000000            NOP
465                             L_PON3
466       P:01B5 P:01B5 094431            MOVEP             Y:STR_ADC,X0            ; Start A/D conversion - dummy read
467       P:01B6 P:01B6 066480            DO      #DLY_AD,L_PON4                    ; Wait for the A/D to settle
                        0001B8
468       P:01B8 P:01B8 448013            CLR     A         X:<CFFF,X0              ; Clear A, so put it in DO loop
469                             L_PON4
470       P:01B9 P:01B9 094C32            MOVEP             Y:RD_ADC,A1             ; Get the A/D value
471       P:01BA P:01BA 4CA346            AND     X0,A                  Y:<T_M15,X0 ; A/D is only valid to 12 bits
472    
473                             ; Test that the voltage is in the range abs(initial - target) < margin
474       P:01BB P:01BB 5C2744            SUB     X0,A                  A1,Y:<I_M15
475       P:01BC P:01BC 4CA426            ABS     A                     Y:<K_M15,X0
476       P:01BD P:01BD 200044            SUB     X0,A
477       P:01BE P:01BE 0E71E3            JGT     <PERR
478    
479                             ; Now turn on the high voltage HV (nominally +36 volts)
480                                       IF      @SCP("POWER","R6")
482                                       ELSE
483       P:01BF P:01BF 0AA420  HV_ON     BSET    #HVEN,X:PBD                       ; Make sure line is high to start with
484       P:01C0 P:01C0 06FF80            DO      #255,L_PON5                       ; The power conditioner board wants to
                        0001C2
485       P:01C2 P:01C2 0BA400            BCHG    #HVEN,X:PBD                       ;   see 128 H --> L transitions
486                             L_PON5
487                                       ENDIF
488    
489       P:01C3 P:01C3 0D01EA            JSR     <PWR_DLY                          ; Delay for a little while
490       P:01C4 P:01C4 09F4B1            MOVEP             #1,Y:WR_MUX             ; Select high voltage MUX input
                        000001
491       P:01C6 P:01C6 44F400            MOVE              #30000,X0
                        007530
492       P:01C8 P:01C8 06C400            DO      X0,WT_HV                          ; Wait a few millisec for settling
                        0001CA
493       P:01CA P:01CA 000000            NOP
494                             WT_HV
495       P:01CB P:01CB 094431            MOVEP             Y:STR_ADC,X0            ; Start A/D conversion - dummy read
496       P:01CC P:01CC 066480            DO      #DLY_AD,L_PON6                    ; Wait for the A/D to settle
                        0001CE
497       P:01CE P:01CE 448013            CLR     A         X:<CFFF,X0              ; Clear A, so put it in DO loop
498                             L_PON6
499       P:01CF P:01CF 094C32            MOVEP             Y:RD_ADC,A1             ; Get the A/D value
500       P:01D0 P:01D0 4C9F46            AND     X0,A                  Y:<T_HV,X0  ; A/D is only valid to 12 bits
501    
502                             ; Test that the voltage is in the range abs(initial - target) < margin
503       P:01D1 P:01D1 5C2544            SUB     X0,A                  A1,Y:<I_HV
504       P:01D2 P:01D2 4CA026            ABS     A                     Y:<K_HV,X0
505       P:01D3 P:01D3 200044            SUB     X0,A
506       P:01D4 P:01D4 0E71E3            JGT     <PERR                             ; Take corrective action
Motorola DSP56000 Assembler  Version 6.2.0   108-08-18  12:56:54  utilappl.s  Page 10



507    
508                             ; Command the timing board to turn on the analog board DC bias voltages
509       P:01D5 P:01D5 568000            MOVE              X:<TIMING,A
510       P:01D6 P:01D6 565B00            MOVE              A,X:(R3)+               ; Header from Utility to timing
511       P:01D7 P:01D7 5EAF00            MOVE                          Y:<SBV,A
512       P:01D8 P:01D8 565B00            MOVE              A,X:(R3)+               ; Set bias voltages
513       P:01D9 P:01D9 74F400            MOVE              #PWR_ON3,N4             ; Set internal jump address after 'DON'
                        0001DC
514       P:01DB P:01DB 0C0000            JMP     <XMT_CHK                          ; Send out commands to timing board
515    
516                             ; Reply with a DONE message to the host computer
517       P:01DC P:01DC 568000  PWR_ON3   MOVE              X:<HOST,A
518       P:01DD P:01DD 565B00            MOVE              A,X:(R3)+               ; Header to host
519       P:01DE P:01DE 568000            MOVE              X:<DON,A
520       P:01DF P:01DF 565B00            MOVE              A,X:(R3)+               ; Power is now ON
521       P:01E0 P:01E0 08F4BF            MOVEP             #$2007,X:IPR            ; Enable TIMER interrupts
                        002007
522       P:01E2 P:01E2 0C0000            JMP     <XMT_CHK                          ; Go transmit reply
523    
524                             ; Or, return with an error message
525       P:01E3 P:01E3 568000  PERR      MOVE              X:<HOST,A
526       P:01E4 P:01E4 565B00            MOVE              A,X:(R3)+               ; Header to host
527       P:01E5 P:01E5 568000            MOVE              X:<ERR,A
528       P:01E6 P:01E6 565B00            MOVE              A,X:(R3)+               ; Power is ON
529       P:01E7 P:01E7 08F4BF            MOVEP             #$2007,X:IPR            ; Enable TIMER interrupts
                        002007
530       P:01E9 P:01E9 0C0000            JMP     <XMT_CHK                          ; Go transmit reply
531    
532                             ; Delay between power control board instructions
533       P:01EA P:01EA 06A08F  PWR_DLY   DO      #4000,L_DLY
                        0001EC
534       P:01EC P:01EC 000000            NOP
535                             L_DLY
536       P:01ED P:01ED 00000C            RTS
537    
538                             WRITE_TO_DAC2
539       P:01EE P:01EE 56DC00            MOVE              X:(R4)+,A               ; DAC Number to change
540       P:01EF P:01EF 09CC36            MOVEP             A1,Y:WR_DAC2            ; Update DAC and record of it
541       P:01F0 P:01F0 5C0400            MOVE                          A1,Y:<DAC2
542       P:01F1 P:01F1 0C0000            JMP     <FINISH
543                             WRITE_TO_DAC3
544       P:01F2 P:01F2 56DC00            MOVE              X:(R4)+,A               ; Value to set
545       P:01F3 P:01F3 09CC37            MOVEP             A1,Y:WR_DAC3            ; Update DAC and record of it
546       P:01F4 P:01F4 5C0500            MOVE                          A1,Y:<DAC3
547       P:01F5 P:01F5 0C0000            JMP     <FINISH
548    
549    
550    
551    
552                             ; Start an exposure by first issuing a 'CLR' to the timing board
553                             START_EX
554    
555       P:01F6 P:01F6 568000            MOVE              X:<TIMING,A
556       P:01F7 P:01F7 565B00            MOVE              A,X:(R3)+               ; Header from Utility to timing
557       P:01F8 P:01F8 5EB200            MOVE                          Y:<NCL,A    ; Move no clear command into accumulator
558       P:01F9 P:01F9 565B00            MOVE              A,X:(R3)+               ; Setup the exposure without flushing the CCD
559       P:01FA P:01FA 74F400            MOVE              #DONECLR,N4             ; Set internal jump address after 'DON'
                        0001FD
560       P:01FC P:01FC 0C0000            JMP     <XMT_CHK                          ; Transmit these
561    
562                             ; Come to here after timing board has signaled that clearing is done
563                             DONECLR
Motorola DSP56000 Assembler  Version 6.2.0   108-08-18  12:56:54  utilappl.s  Page 11



564       P:01FD P:01FD 0A0024            BSET    #STRT_EX,X:<STATUS
565       P:01FE P:01FE 0A0021            BSET    #ST_EX,X:<STATUS                  ; Exposure is in progress
566       P:01FF P:01FF 568000            MOVE              X:<HOST,A
567       P:0200 P:0200 565B00            MOVE              A,X:(R3)+
568       P:0201 P:0201 568000            MOVE              X:<DON,A
569       P:0202 P:0202 565B00            MOVE              A,X:(R3)+
570       P:0203 P:0203 0C0000            JMP     <XMT_CHK                          ; Issue a 'DON' - exposure has begun
571    
572       P:0204 P:0204 0A0001  PAUSE     BCLR    #ST_EX,X:<STATUS                  ; Take out of exposing mode
573       P:0205 P:0205 0B00A0            JSSET   #OPT_SH,X:<OPTIONS,CSHUT          ; Close shutter if needed
                        00014D
574       P:0207 P:0207 0C0000            JMP     <FINISH                           ; Issue 'DON' and get next command
575    
576       P:0208 P:0208 0A0021  RESUME    BSET    #ST_EX,X:<STATUS                  ; Put in exposing mode
577       P:0209 P:0209 0B00A0            JSSET   #OPT_SH,X:<OPTIONS,OSHUT          ; Open shutter if needed
                        00014A
578       P:020B P:020B 0C0000            JMP     <FINISH                           ; Issue 'DON' and get next command
579    
580       P:020C P:020C 0D014D  ABORT     JSR     <CSHUT                            ; To be sure
581       P:020D P:020D 0A0001            BCLR    #ST_EX,X:<STATUS                  ; Take out of exposing mode
582       P:020E P:020E 0A0008            BCLR    #CONT_EX,X:<STATUS                ; Take out of continuous exposing mode
583       P:020F P:020F 568000            MOVE              X:<TIMING,A
584       P:0210 P:0210 565B00            MOVE              A,X:(R3)+               ; Header from Utility to timing
585       P:0211 P:0211 5EA900            MOVE                          Y:<RDC,A
586       P:0212 P:0212 565B00            MOVE              A,X:(R3)+               ; Read out the last frame
587       P:0213 P:0213 0C0000            JMP     <FINISH                           ; Issue 'DON' and get next command
588    
589                             ; A 'DON' reply has been received in response to a command issued by
590                             ;    the Utility board. Read the X:STATUS bits in responding to it.
591    
592                             ; Test if an internal program jump is needed after receiving a 'DON' reply
593       P:0214 P:0214 239000  PR_DONE   MOVE              N4,R0                   ; Get internal jump address
594       P:0215 P:0215 3C0000            MOVE              #<START,N4              ; Set internal jump address to default
595       P:0216 P:0216 0AE080            JMP     (R0)                              ; Jump to the internal jump address
596    
597                             ; Check for program overflow - its hard to overflow since this application
598                             ;   can be very large indeed
599                                       IF      @CVS(N,*)>APL_XY
601                                       ENDIF                                     ;  will not be overwritten
602    
603                             ; Command table resident in X: data memory
604                             ;  The last part of the command table is not defined for "bootrom"
605                             ;     because it contains application-specific commands
606    
607                                       IF      @SCP("HOST","HOST")
608       X:00C0 X:00C0                   ORG     X:COM_TBL,X:COM_TBL
609                                       ELSE                                      ; Memory offsets for generating EEPROMs
611                                       ENDIF
612       X:00C0 X:00C0                   DC      'PON',PWR_ON                      ; Power ON
613       X:00C2 X:00C2                   DC      'POF',PWR_OFF                     ; Power OFF
614       X:00C4 X:00C4                   DC      'SEX',START_EX                    ; Start exposure
615       X:00C6 X:00C6                   DC      'PEX',PAUSE                       ; Pause exposure
616       X:00C8 X:00C8                   DC      'REX',RESUME                      ; Resume exposure
617       X:00CA X:00CA                   DC      'AEX',ABORT                       ; Abort exposure
618       X:00CC X:00CC                   DC      'OSH',OPEN                        ; Open shutter
619       X:00CE X:00CE                   DC      'CSH',CLOSE                       ; Close shutter
620       X:00D0 X:00D0                   DC      'DON',PR_DONE                     ; Process DON reply
621       X:00D2 X:00D2                   DC      'WD2',WRITE_TO_DAC2               ;  Write a value to the DAC
622       X:00D4 X:00D4                   DC      'WD3',WRITE_TO_DAC3               ;
623       X:00D6 X:00D6                   DC      'INF',GET_INFO                    ; Info/version command
624       X:00D8 X:00D8                   DC      0,START,0,START
625       X:00DC X:00DC                   DC      0,START,0,START
Motorola DSP56000 Assembler  Version 6.2.0   108-08-18  12:56:54  utilappl.s  Page 12



626    
627                             ; Y: parameter table definitions, containing no "bootrom" definitions
628                                       IF      @SCP("HOST","HOST")
629       Y:0000 Y:0000                   ORG     Y:0,Y:0                           ; Download address
630                                       ELSE
632                                       ENDIF
633       Y:0000 Y:0000         DIG_IN    DC      0                                 ; Values of 16 digital input lines
634       Y:0001 Y:0001         DIG_OUT   DC      0                                 ; Values of 16 digital output lines
635                             ;DAC0    DC      0       ; Table of four DAC values to be output
636                             ;DAC1    DC      1000
637       Y:0002 Y:0002         DAC0      DC      0000                              ; Table of four DAC values to be output
638       Y:0003 Y:0003         DAC1      DC      0000
639       Y:0004 Y:0004         DAC2      DC      2048
640       Y:0005 Y:0005         DAC3      DC      2048
641       Y:0006 Y:0006         NUM_AD    DC      16                                ; Number of inputs to A/D converter
642       Y:0007 Y:0007         AD_IN     DC      0,0,0,0,0,0,0,0
643       Y:000F Y:000F                   DC      0,0,0,0,0,0,0,0                   ; Table of 16 A/D values
644                              EL_TIM_MSECONDS
645       Y:0017 Y:0017                   DC      0                                 ; Number of milliseconds elapsed
646       Y:0018 Y:0018         TGT_TIM   DC      6000                              ; Number of milliseconds desired in exposure
647       Y:0019 Y:0019         U_CCDT    DC      $C20                              ; Upper range of CCD temperature control loop
648       Y:001A Y:001A         L_CCDT    DC      $C50                              ; Lower range of CCD temperature control loop
649       Y:001B Y:001B         K_CCDT    DC      85                                ; Constant of proportionality for CCDT control
650       00000C                A_CCDT    EQU     AD_IN+5                           ; Address of CCD temperature in A/D table
651       00000D                B_CCDT    EQU     AD_IN+6                           ; Address of Cold Head temperature in A/D table
652       Y:001C Y:001C         T_CCDT    DC      $C00                              ; Target CCD T for small increment algorithmn
653       Y:001D Y:001D         T_COEFF   DC      $70                               ; Coefficient for difference in temperatures
654       Y:001E Y:001E         DAC0_LS   DC      0                                 ; Least significant part of heater voltage
655    
656                             ; Define power supply turn-on variables
657                                       IF      @SCP("POWER","R6")
659                                       ELSE
660       Y:001F Y:001F         T_HV      DC      $4D0                              ; Target HV supply voltage for Rev 2 or 3 boards
661                                       ENDIF
662       Y:0020 Y:0020         K_HV      DC      $080                              ; Tolerance of HV supply voltage
663       Y:0021 Y:0021         T_P15     DC      $5C0                              ; Target +15 volts supply voltage
664       Y:0022 Y:0022         K_P15     DC      $080                              ; Tolerance of +15 volts supply voltage
665       Y:0023 Y:0023         T_M15     DC      $A40                              ; Target -15 volts supply voltage
666       Y:0024 Y:0024         K_M15     DC      $080                              ; Tolerance of -15 volts supply voltage
667       Y:0025 Y:0025         I_HV      DC      0                                 ; Initial value of HV
668       Y:0026 Y:0026         I_P15     DC      0                                 ; Initial value of +15 volts
669       Y:0027 Y:0027         I_M15     DC      0                                 ; Initial value of -15 volts
670    
671                             ; Define some command names
672       Y:0028 Y:0028         CLR       DC      'CLR'                             ; Clear CCD
673       Y:0029 Y:0029         RDC       DC      'RDC'                             ; Readout CCD
674       Y:002A Y:002A         ABR       DC      'ABR'                             ; Abort readout
675       Y:002B Y:002B         OSH       DC      'OSH'                             ; Open shutter connected to timing board
676       Y:002C Y:002C         CSH       DC      'CSH'                             ; Close shutter connected to timing board
677       Y:002D Y:002D         POK       DC      'POK'                             ; Message to host - power in OK
678       Y:002E Y:002E         PER       DC      'PER'                             ; Message to host - ERROR in power up sequence
679       Y:002F Y:002F         SBV       DC      'SBV'                             ; Message to timing - set bias voltages
680       Y:0030 Y:0030         IDL       DC      'IDL'                             ; Message to timing - put camera in idle mode
681       Y:0031 Y:0031         STP       DC      'STP'                             ; Message to timing - Stop idling
682       Y:0032 Y:0032         NCL       DC      'NCL'                             ; Message to timing - Don't clear the CCD before
 an Exposure
683       Y:0033 Y:0033         DTH       DC      'DTH'                             ; Message to Timing - Dither ccd charge
684    
685                             ; Miscellaneous
686                             ; Heater value has been pegged to the limit given the current limiting resistors
687                             ; as of 2008 Aug 05
688    
Motorola DSP56000 Assembler  Version 6.2.0   108-08-18  12:56:54  utilappl.s  Page 13



689       Y:0034 Y:0034         CC00      DC      $FFF                              ; Maximum heater voltage so the board doesn't bu
rn up
690                             ;CC00   DC      $C00    ; Maximum heater voltage so the board doesn't burn up
691                             ;CC00   DC      $000            ; Set different max
692       Y:0035 Y:0035         SV_A1     DC      0                                 ; Save register A1 during analog processing
693       Y:0036 Y:0036         SV_SR     DC      0                                 ; Save status register during timer processing
694                              EL_TIM_FRACTION
695       Y:0037 Y:0037                   DC      0                                 ; Fraction of a millisecond of elapsed exposure 
time
696       Y:0038 Y:0038         INCR      DC      $CCCCCC                           ; Exposure time increment = 0.8 milliseconds
697       Y:0039 Y:0039         SH_DEL    DC      0                                 ; Shutter closing time.  No shutter in kepler sy
stem
698       Y:003A Y:003A         TEMP      DC      0                                 ; Temporary storage location for X:PBD word
699       Y:003B Y:003B         DAC1_LS   DC      0                                 ; Least significant part of heater voltage
700       Y:003C Y:003C         TGT_PIC   DC      1                                 ; Target number of pix in series.  Set by bashin
g
701       Y:003D Y:003D         NUMPIC    DC      0                                 ; Number of pix taken so far in this series
702       Y:003E Y:003E         T_COUNT   DC      0                                 ; Number of temp samples this integration
703       Y:003F Y:003F         T_SUM     DC      0                                 ; Running sum of temps
704       Y:0040 Y:0040         T_AVG     DC      0                                 ; Average temp from last integration
705       Y:0041 Y:0041         TH_COUNT  DC      0                                 ; Number of temp samples this integration
706       Y:0042 Y:0042         TH_SUM    DC      0                                 ; Running sum of temps
707       Y:0043 Y:0043         TH_AVG    DC      0                                 ; Average temp from last integration
708       Y:0044 Y:0044         ONE_K     DC      1024                              ; Number of samples in the integration, pwr of 2
709       Y:0045 Y:0045         WRDAC0    DC      0                                 ; DAC0 Voltage
710       Y:0046 Y:0046         WRDAC1    DC      0                                 ; DAC1 Voltage
711       Y:0047 Y:0047         WRDAC2    DC      0                                 ; DAC2 Voltage
712       Y:0048 Y:0048         WRDAC3    DC      0                                 ; DAC3 Voltage
713       Y:0049 Y:0049         DSP_VERS  DC      VERSION                           ; code version  This must remain at locn $49!!
714    
715                             ; During the downloading of this application program the one millisecond
716                             ;   timer interrupts are enabled, so the utility board will attempt to execute
717                             ;   the partially downloaded TIMER routine, and crash. A workaround is to
718                             ;   put a RTI as the first instruction of TIMER so it doesn't execute, then
719                             ;   write the correct instruction only after all the rest of the application
720                             ;   program has been downloaded. Here it is -
721    
722       P:0091 P:0091                   ORG     P:APL_ADR+1,P:APL_ADR+1
723       P:0091 P:0091 053679  TIMER1    MOVEC                         SR,Y:<SV_SR ; Save Status Register
724    
725    
726                                ENDSEC                                    ; End of SECTION UTILAPPL
727    
728                      ; End of program
729                                END

0    Errors
0    Warnings


